<?xml version="1.0" encoding="UTF-8"?>
<!-- Generated by org.testng.reporters.JUnitXMLReporter -->
<testsuite hostname="TL0020" ignored="0" name="Test" tests="4" failures="0" timestamp="2023-04-16T15:11:51 IST" time="34.56" errors="0">
  <testcase name="runLogin" time="1.089" classname="testcase.TC_001_LoginTest"/>
  <testcase name="runLogin" time="1.212" classname="testcase.TC_001_LoginTest"/>
  <testcase name="runCreateLead" time="11.437" classname="testcase.TC_002_CreateLead"/>
  <testcase name="runCreateLead" time="10.464" classname="testcase.TC_002_CreateLead"/>
</testsuite> <!-- Test -->
