<?xml version="1.0" encoding="UTF-8"?>
<testng-results skipped="0" failed="0" ignored="0" total="4" passed="4">
  <reporter-output>
  </reporter-output>
  <suite name="Suite" duration-ms="34560" started-at="2023-04-16T15:11:17 IST" finished-at="2023-04-16T15:11:51 IST">
    <groups>
    </groups>
    <test name="Test" duration-ms="34560" started-at="2023-04-16T15:11:17 IST" finished-at="2023-04-16T15:11:51 IST">
      <class name="testcase.TC_002_CreateLead">
        <test-method status="PASS" signature="setup()[pri:0, instance:testcase.TC_002_CreateLead@28ac3dc3]" name="setup" is-config="true" duration-ms="0" started-at="2023-04-16T15:11:17 IST" finished-at="2023-04-16T15:11:17 IST">
          <reporter-output>
          </reporter-output>
        </test-method> <!-- setup -->
        <test-method status="PASS" signature="launchBrowser()[pri:0, instance:testcase.TC_002_CreateLead@28ac3dc3]" name="launchBrowser" is-config="true" duration-ms="7699" started-at="2023-04-16T15:11:18 IST" finished-at="2023-04-16T15:11:26 IST">
          <reporter-output>
          </reporter-output>
        </test-method> <!-- launchBrowser -->
        <test-method status="PASS" signature="runCreateLead(java.lang.String,java.lang.String,java.lang.String,java.lang.String,java.lang.String)[pri:0, instance:testcase.TC_002_CreateLead@28ac3dc3]" name="runCreateLead" duration-ms="11437" started-at="2023-04-16T15:11:26 IST" data-provider="getData" finished-at="2023-04-16T15:11:37 IST">
          <params>
            <param index="0">
              <value>
                <![CDATA[demosalesmanager]]>
              </value>
            </param>
            <param index="1">
              <value>
                <![CDATA[crmsfa]]>
              </value>
            </param>
            <param index="2">
              <value>
                <![CDATA[Qeagle]]>
              </value>
            </param>
            <param index="3">
              <value>
                <![CDATA[Princila]]>
              </value>
            </param>
            <param index="4">
              <value>
                <![CDATA[Edward]]>
              </value>
            </param>
          </params>
          <reporter-output>
          </reporter-output>
        </test-method> <!-- runCreateLead -->
        <test-method status="PASS" signature="tearDown()[pri:0, instance:testcase.TC_002_CreateLead@28ac3dc3]" name="tearDown" is-config="true" duration-ms="240" started-at="2023-04-16T15:11:37 IST" finished-at="2023-04-16T15:11:37 IST">
          <reporter-output>
          </reporter-output>
        </test-method> <!-- tearDown -->
        <test-method status="PASS" signature="launchBrowser()[pri:0, instance:testcase.TC_002_CreateLead@28ac3dc3]" name="launchBrowser" is-config="true" duration-ms="3121" started-at="2023-04-16T15:11:37 IST" finished-at="2023-04-16T15:11:40 IST">
          <reporter-output>
          </reporter-output>
        </test-method> <!-- launchBrowser -->
        <test-method status="PASS" signature="runCreateLead(java.lang.String,java.lang.String,java.lang.String,java.lang.String,java.lang.String)[pri:0, instance:testcase.TC_002_CreateLead@28ac3dc3]" name="runCreateLead" duration-ms="10464" started-at="2023-04-16T15:11:40 IST" data-provider="getData" finished-at="2023-04-16T15:11:51 IST">
          <params>
            <param index="0">
              <value>
                <![CDATA[democsr]]>
              </value>
            </param>
            <param index="1">
              <value>
                <![CDATA[crmsfa]]>
              </value>
            </param>
            <param index="2">
              <value>
                <![CDATA[TestLeaf]]>
              </value>
            </param>
            <param index="3">
              <value>
                <![CDATA[Hari]]>
              </value>
            </param>
            <param index="4">
              <value>
                <![CDATA[R]]>
              </value>
            </param>
          </params>
          <reporter-output>
          </reporter-output>
        </test-method> <!-- runCreateLead -->
        <test-method status="PASS" signature="tearDown()[pri:0, instance:testcase.TC_002_CreateLead@28ac3dc3]" name="tearDown" is-config="true" duration-ms="284" started-at="2023-04-16T15:11:51 IST" finished-at="2023-04-16T15:11:51 IST">
          <reporter-output>
          </reporter-output>
        </test-method> <!-- tearDown -->
      </class> <!-- testcase.TC_002_CreateLead -->
      <class name="testcase.TC_001_LoginTest">
        <test-method status="PASS" signature="setup()[pri:0, instance:testcase.TC_001_LoginTest@553a3d88]" name="setup" is-config="true" duration-ms="14" started-at="2023-04-16T15:11:17 IST" finished-at="2023-04-16T15:11:17 IST">
          <reporter-output>
          </reporter-output>
        </test-method> <!-- setup -->
        <test-method status="PASS" signature="launchBrowser()[pri:0, instance:testcase.TC_001_LoginTest@553a3d88]" name="launchBrowser" is-config="true" duration-ms="8094" started-at="2023-04-16T15:11:18 IST" finished-at="2023-04-16T15:11:26 IST">
          <reporter-output>
          </reporter-output>
        </test-method> <!-- launchBrowser -->
        <test-method status="PASS" signature="runLogin(java.lang.String,java.lang.String)[pri:0, instance:testcase.TC_001_LoginTest@553a3d88]" name="runLogin" duration-ms="1089" started-at="2023-04-16T15:11:26 IST" data-provider="getData" finished-at="2023-04-16T15:11:27 IST">
          <params>
            <param index="0">
              <value>
                <![CDATA[demosalesmanager]]>
              </value>
            </param>
            <param index="1">
              <value>
                <![CDATA[crmsfa]]>
              </value>
            </param>
          </params>
          <reporter-output>
          </reporter-output>
        </test-method> <!-- runLogin -->
        <test-method status="PASS" signature="tearDown()[pri:0, instance:testcase.TC_001_LoginTest@553a3d88]" name="tearDown" is-config="true" duration-ms="212" started-at="2023-04-16T15:11:27 IST" finished-at="2023-04-16T15:11:27 IST">
          <reporter-output>
          </reporter-output>
        </test-method> <!-- tearDown -->
        <test-method status="PASS" signature="launchBrowser()[pri:0, instance:testcase.TC_001_LoginTest@553a3d88]" name="launchBrowser" is-config="true" duration-ms="3805" started-at="2023-04-16T15:11:27 IST" finished-at="2023-04-16T15:11:31 IST">
          <reporter-output>
          </reporter-output>
        </test-method> <!-- launchBrowser -->
        <test-method status="PASS" signature="runLogin(java.lang.String,java.lang.String)[pri:0, instance:testcase.TC_001_LoginTest@553a3d88]" name="runLogin" duration-ms="1212" started-at="2023-04-16T15:11:31 IST" data-provider="getData" finished-at="2023-04-16T15:11:32 IST">
          <params>
            <param index="0">
              <value>
                <![CDATA[democsr]]>
              </value>
            </param>
            <param index="1">
              <value>
                <![CDATA[crmsfa]]>
              </value>
            </param>
          </params>
          <reporter-output>
          </reporter-output>
        </test-method> <!-- runLogin -->
        <test-method status="PASS" signature="tearDown()[pri:0, instance:testcase.TC_001_LoginTest@553a3d88]" name="tearDown" is-config="true" duration-ms="391" started-at="2023-04-16T15:11:32 IST" finished-at="2023-04-16T15:11:33 IST">
          <reporter-output>
          </reporter-output>
        </test-method> <!-- tearDown -->
      </class> <!-- testcase.TC_001_LoginTest -->
    </test> <!-- Test -->
  </suite> <!-- Suite -->
</testng-results>
