<?xml version="1.0" encoding="UTF-8"?>
<testng-results skipped="0" failed="0" ignored="0" total="2" passed="2">
  <reporter-output>
  </reporter-output>
  <suite name="Suite" duration-ms="14643" started-at="2023-04-15T19:11:28 IST" finished-at="2023-04-15T19:11:43 IST">
    <groups>
    </groups>
    <test name="Test" duration-ms="14643" started-at="2023-04-15T19:11:28 IST" finished-at="2023-04-15T19:11:43 IST">
      <class name="testcase.TC_002_CreateLead">
        <test-method status="PASS" signature="launchBrowser()[pri:0, instance:testcase.TC_002_CreateLead@553a3d88]" name="launchBrowser" is-config="true" duration-ms="6432" started-at="2023-04-15T19:11:28 IST" finished-at="2023-04-15T19:11:35 IST">
          <reporter-output>
          </reporter-output>
        </test-method> <!-- launchBrowser -->
        <test-method status="PASS" signature="runCreateLead()[pri:0, instance:testcase.TC_002_CreateLead@553a3d88]" name="runCreateLead" duration-ms="7947" started-at="2023-04-15T19:11:35 IST" finished-at="2023-04-15T19:11:43 IST">
          <reporter-output>
          </reporter-output>
        </test-method> <!-- runCreateLead -->
        <test-method status="PASS" signature="tearDown()[pri:0, instance:testcase.TC_002_CreateLead@553a3d88]" name="tearDown" is-config="true" duration-ms="199" started-at="2023-04-15T19:11:43 IST" finished-at="2023-04-15T19:11:43 IST">
          <reporter-output>
          </reporter-output>
        </test-method> <!-- tearDown -->
      </class> <!-- testcase.TC_002_CreateLead -->
      <class name="testcase.TC_001_LoginTest">
        <test-method status="PASS" signature="launchBrowser()[pri:0, instance:testcase.TC_001_LoginTest@44c8afef]" name="launchBrowser" is-config="true" duration-ms="6512" started-at="2023-04-15T19:11:28 IST" finished-at="2023-04-15T19:11:35 IST">
          <reporter-output>
          </reporter-output>
        </test-method> <!-- launchBrowser -->
        <test-method status="PASS" signature="runLogin()[pri:0, instance:testcase.TC_001_LoginTest@44c8afef]" name="runLogin" duration-ms="867" started-at="2023-04-15T19:11:35 IST" finished-at="2023-04-15T19:11:36 IST">
          <reporter-output>
          </reporter-output>
        </test-method> <!-- runLogin -->
        <test-method status="PASS" signature="tearDown()[pri:0, instance:testcase.TC_001_LoginTest@44c8afef]" name="tearDown" is-config="true" duration-ms="320" started-at="2023-04-15T19:11:36 IST" finished-at="2023-04-15T19:11:36 IST">
          <reporter-output>
          </reporter-output>
        </test-method> <!-- tearDown -->
      </class> <!-- testcase.TC_001_LoginTest -->
    </test> <!-- Test -->
  </suite> <!-- Suite -->
</testng-results>
